<?xml version="1.0" encoding="UTF-8"?>
<testng-results skipped="0" failed="0" total="1" passed="1">
  <reporter-output>
    <line>
      <![CDATA[No of rows in TCSheet::4    No of rows in TSSheet::10]]>
    </line>
    <line>
      <![CDATA[Login success::adminflow      http://primusbank.qedgetech.com/adminflow.aspx]]>
    </line>
    <line>
      <![CDATA[Logout success]]>
    </line>
    <line>
      <![CDATA[Login success::adminflow      http://primusbank.qedgetech.com/adminflow.aspx]]>
    </line>
    <line>
      <![CDATA[New Branch with id 954 created Sucessfully]]>
    </line>
    <line>
      <![CDATA[Logout success]]>
    </line>
    <line>
      <![CDATA[Login success::adminflow      http://primusbank.qedgetech.com/adminflow.aspx]]>
    </line>
    <line>
      <![CDATA[Branch updated Sucessfully]]>
    </line>
    <line>
      <![CDATA[Logout success]]>
    </line>
  </reporter-output>
  <suite name="Default suite" duration-ms="52291" started-at="2022-06-22T10:13:34Z" finished-at="2022-06-22T10:14:26Z">
    <groups>
    </groups>
    <test name="Default test" duration-ms="52291" started-at="2022-06-22T10:13:34Z" finished-at="2022-06-22T10:14:26Z">
      <class name="driverFactory.DriverScript">
        <test-method status="PASS" signature="setUp()[pri:0, instance:driverFactory.DriverScript@61832929]" name="setUp" is-config="true" duration-ms="14300" started-at="2022-06-22T18:13:20Z" finished-at="2022-06-22T18:13:34Z">
          <reporter-output>
          </reporter-output>
        </test-method> <!-- setUp -->
        <test-method status="PASS" signature="startTest()[pri:0, instance:driverFactory.DriverScript@61832929]" name="startTest" duration-ms="52276" started-at="2022-06-22T18:13:34Z" finished-at="2022-06-22T18:14:26Z">
          <reporter-output>
            <line>
              <![CDATA[No of rows in TCSheet::4    No of rows in TSSheet::10]]>
            </line>
            <line>
              <![CDATA[Login success::adminflow      http://primusbank.qedgetech.com/adminflow.aspx]]>
            </line>
            <line>
              <![CDATA[Logout success]]>
            </line>
            <line>
              <![CDATA[Login success::adminflow      http://primusbank.qedgetech.com/adminflow.aspx]]>
            </line>
            <line>
              <![CDATA[New Branch with id 954 created Sucessfully]]>
            </line>
            <line>
              <![CDATA[Logout success]]>
            </line>
            <line>
              <![CDATA[Login success::adminflow      http://primusbank.qedgetech.com/adminflow.aspx]]>
            </line>
            <line>
              <![CDATA[Branch updated Sucessfully]]>
            </line>
            <line>
              <![CDATA[Logout success]]>
            </line>
          </reporter-output>
        </test-method> <!-- startTest -->
        <test-method status="PASS" signature="tearDown()[pri:0, instance:driverFactory.DriverScript@61832929]" name="tearDown" is-config="true" duration-ms="611" started-at="2022-06-22T18:14:26Z" finished-at="2022-06-22T18:14:27Z">
          <reporter-output>
          </reporter-output>
        </test-method> <!-- tearDown -->
      </class> <!-- driverFactory.DriverScript -->
    </test> <!-- Default test -->
  </suite> <!-- Default suite -->
</testng-results>
